[2026-06-06T11:00:00.808+0000] {taskinstance.py:1956} INFO - Dependencies all met for dep_context=non-requeueable deps ti=<TaskInstance: weather_etl_pipeline.extract scheduled__2026-06-06T10:00:00+00:00 [queued]>
[2026-06-06T11:00:00.820+0000] {taskinstance.py:1956} INFO - Dependencies all met for dep_context=requeueable deps ti=<TaskInstance: weather_etl_pipeline.extract scheduled__2026-06-06T10:00:00+00:00 [queued]>
[2026-06-06T11:00:00.821+0000] {taskinstance.py:2170} INFO - Starting attempt 1 of 2
[2026-06-06T11:00:00.836+0000] {taskinstance.py:2191} INFO - Executing <Task(PythonOperator): extract> on 2026-06-06 10:00:00+00:00
[2026-06-06T11:00:00.844+0000] {standard_task_runner.py:60} INFO - Started process 242 to run task
[2026-06-06T11:00:00.848+0000] {standard_task_runner.py:87} INFO - Running: ['***', 'tasks', 'run', 'weather_etl_pipeline', 'extract', 'scheduled__2026-06-06T10:00:00+00:00', '--job-id', '5', '--raw', '--subdir', 'DAGS_FOLDER/weather_etl_dag.py', '--cfg-path', '/tmp/tmp1i8l6uju']
[2026-06-06T11:00:00.852+0000] {standard_task_runner.py:88} INFO - Job 5: Subtask extract
[2026-06-06T11:00:00.929+0000] {task_command.py:423} INFO - Running <TaskInstance: weather_etl_pipeline.extract scheduled__2026-06-06T10:00:00+00:00 [running]> on host 4d565825210b
[2026-06-06T11:00:01.238+0000] {taskinstance.py:2480} INFO - Exporting env vars: AIRFLOW_CTX_DAG_OWNER='dhairya' AIRFLOW_CTX_DAG_ID='weather_etl_pipeline' AIRFLOW_CTX_TASK_ID='extract' AIRFLOW_CTX_EXECUTION_DATE='2026-06-06T10:00:00+00:00' AIRFLOW_CTX_TRY_NUMBER='1' AIRFLOW_CTX_DAG_RUN_ID='scheduled__2026-06-06T10:00:00+00:00'
[2026-06-06T11:00:01.240+0000] {logging_mixin.py:188} INFO - 📥 Extracting weather data from API...
[2026-06-06T11:00:01.407+0000] {logging_mixin.py:188} INFO - ✅ Extracted: London
[2026-06-06T11:00:01.584+0000] {logging_mixin.py:188} INFO - ✅ Extracted: New York
[2026-06-06T11:00:01.754+0000] {logging_mixin.py:188} INFO - ✅ Extracted: Tokyo
[2026-06-06T11:00:01.928+0000] {logging_mixin.py:188} INFO - ✅ Extracted: Paris
[2026-06-06T11:00:02.110+0000] {logging_mixin.py:188} INFO - ✅ Extracted: Dubai
[2026-06-06T11:00:02.276+0000] {logging_mixin.py:188} INFO - ✅ Extracted: Mumbai
[2026-06-06T11:00:02.471+0000] {logging_mixin.py:188} INFO - ✅ Extracted: Sydney
[2026-06-06T11:00:02.666+0000] {logging_mixin.py:188} INFO - ✅ Extracted: Toronto
[2026-06-06T11:00:02.851+0000] {logging_mixin.py:188} INFO - ✅ Extracted: Berlin
[2026-06-06T11:00:03.023+0000] {logging_mixin.py:188} INFO - ✅ Extracted: Singapore
[2026-06-06T11:00:03.040+0000] {logging_mixin.py:188} INFO - ✅ Total extracted: 10 cities
[2026-06-06T11:00:03.041+0000] {python.py:201} INFO - Done. Returned value was: None
[2026-06-06T11:00:03.052+0000] {taskinstance.py:1138} INFO - Marking task as SUCCESS. dag_id=weather_etl_pipeline, task_id=extract, execution_date=20260606T100000, start_date=20260606T110000, end_date=20260606T110003
[2026-06-06T11:00:03.113+0000] {local_task_job_runner.py:234} INFO - Task exited with return code 0
[2026-06-06T11:00:03.140+0000] {taskinstance.py:3280} INFO - 1 downstream tasks scheduled from follow-on schedule check
