[2026-06-06T10:59:53.497+0000] {taskinstance.py:1956} INFO - Dependencies all met for dep_context=non-requeueable deps ti=<TaskInstance: weather_etl_pipeline.extract scheduled__2026-06-06T09:00:00+00:00 [queued]>
[2026-06-06T10:59:53.507+0000] {taskinstance.py:1956} INFO - Dependencies all met for dep_context=requeueable deps ti=<TaskInstance: weather_etl_pipeline.extract scheduled__2026-06-06T09:00:00+00:00 [queued]>
[2026-06-06T10:59:53.508+0000] {taskinstance.py:2170} INFO - Starting attempt 1 of 2
[2026-06-06T10:59:53.523+0000] {taskinstance.py:2191} INFO - Executing <Task(PythonOperator): extract> on 2026-06-06 09:00:00+00:00
[2026-06-06T10:59:53.530+0000] {standard_task_runner.py:60} INFO - Started process 231 to run task
[2026-06-06T10:59:53.534+0000] {standard_task_runner.py:87} INFO - Running: ['***', 'tasks', 'run', 'weather_etl_pipeline', 'extract', 'scheduled__2026-06-06T09:00:00+00:00', '--job-id', '2', '--raw', '--subdir', 'DAGS_FOLDER/weather_etl_dag.py', '--cfg-path', '/tmp/tmpb1n0yh2i']
[2026-06-06T10:59:53.537+0000] {standard_task_runner.py:88} INFO - Job 2: Subtask extract
[2026-06-06T10:59:53.618+0000] {task_command.py:423} INFO - Running <TaskInstance: weather_etl_pipeline.extract scheduled__2026-06-06T09:00:00+00:00 [running]> on host 4d565825210b
[2026-06-06T10:59:53.946+0000] {taskinstance.py:2480} INFO - Exporting env vars: AIRFLOW_CTX_DAG_OWNER='dhairya' AIRFLOW_CTX_DAG_ID='weather_etl_pipeline' AIRFLOW_CTX_TASK_ID='extract' AIRFLOW_CTX_EXECUTION_DATE='2026-06-06T09:00:00+00:00' AIRFLOW_CTX_TRY_NUMBER='1' AIRFLOW_CTX_DAG_RUN_ID='scheduled__2026-06-06T09:00:00+00:00'
[2026-06-06T10:59:53.948+0000] {logging_mixin.py:188} INFO - 📥 Extracting weather data from API...
[2026-06-06T10:59:54.175+0000] {logging_mixin.py:188} INFO - ✅ Extracted: London
[2026-06-06T10:59:54.359+0000] {logging_mixin.py:188} INFO - ✅ Extracted: New York
[2026-06-06T10:59:54.526+0000] {logging_mixin.py:188} INFO - ✅ Extracted: Tokyo
[2026-06-06T10:59:54.698+0000] {logging_mixin.py:188} INFO - ✅ Extracted: Paris
[2026-06-06T10:59:54.876+0000] {logging_mixin.py:188} INFO - ✅ Extracted: Dubai
[2026-06-06T10:59:55.054+0000] {logging_mixin.py:188} INFO - ✅ Extracted: Mumbai
[2026-06-06T10:59:55.238+0000] {logging_mixin.py:188} INFO - ✅ Extracted: Sydney
[2026-06-06T10:59:55.408+0000] {logging_mixin.py:188} INFO - ✅ Extracted: Toronto
[2026-06-06T10:59:55.578+0000] {logging_mixin.py:188} INFO - ✅ Extracted: Berlin
[2026-06-06T10:59:55.759+0000] {logging_mixin.py:188} INFO - ✅ Extracted: Singapore
[2026-06-06T10:59:55.775+0000] {logging_mixin.py:188} INFO - ✅ Total extracted: 10 cities
[2026-06-06T10:59:55.776+0000] {python.py:201} INFO - Done. Returned value was: None
[2026-06-06T10:59:55.786+0000] {taskinstance.py:1138} INFO - Marking task as SUCCESS. dag_id=weather_etl_pipeline, task_id=extract, execution_date=20260606T090000, start_date=20260606T105953, end_date=20260606T105955
[2026-06-06T10:59:55.840+0000] {local_task_job_runner.py:234} INFO - Task exited with return code 0
[2026-06-06T10:59:55.866+0000] {taskinstance.py:3280} INFO - 1 downstream tasks scheduled from follow-on schedule check
