[2026-06-06T10:49:19.352+0000] {manager.py:469} INFO - Processing files using up to 2 processes at a time 
[2026-06-06T10:49:19.354+0000] {manager.py:470} INFO - Process each file at most once every 30 seconds
[2026-06-06T10:49:19.355+0000] {manager.py:471} INFO - Checking for new files in /opt/airflow/dags every 300 seconds
[2026-06-06T10:49:19.356+0000] {manager.py:738} INFO - Searching for files in /opt/airflow/dags
[2026-06-06T10:49:19.361+0000] {manager.py:741} INFO - There are 0 files in /opt/airflow/dags
[2026-06-06T10:54:19.895+0000] {manager.py:738} INFO - Searching for files in /opt/airflow/dags
[2026-06-06T10:54:19.901+0000] {manager.py:741} INFO - There are 0 files in /opt/airflow/dags
[2026-06-06T10:59:20.373+0000] {manager.py:738} INFO - Searching for files in /opt/airflow/dags
[2026-06-06T10:59:20.396+0000] {manager.py:741} INFO - There are 1 files in /opt/airflow/dags
[2026-06-06T10:59:22.456+0000] {manager.py:879} INFO - 
================================================================================
DAG File Processing Stats

File Path                             PID    Runtime      # DAGs    # Errors  Last Runtime    Last Run
------------------------------------  -----  ---------  --------  ----------  --------------  -------------------
/opt/airflow/dags/weather_etl_dag.py                           1           0  0.76s           2026-06-06T10:59:21
================================================================================
[2026-06-06T10:59:52.619+0000] {manager.py:879} INFO - 
================================================================================
DAG File Processing Stats

File Path                             PID    Runtime      # DAGs    # Errors  Last Runtime    Last Run
------------------------------------  -----  ---------  --------  ----------  --------------  -------------------
/opt/airflow/dags/weather_etl_dag.py                           1           0  0.51s           2026-06-06T10:59:51
================================================================================
[2026-06-06T11:00:23.083+0000] {manager.py:879} INFO - 
================================================================================
DAG File Processing Stats

File Path                             PID    Runtime      # DAGs    # Errors  Last Runtime    Last Run
------------------------------------  -----  ---------  --------  ----------  --------------  -------------------
/opt/airflow/dags/weather_etl_dag.py                           1           0  0.48s           2026-06-06T11:00:22
================================================================================
[2026-06-06T11:00:53.196+0000] {manager.py:879} INFO - 
================================================================================
DAG File Processing Stats

File Path                             PID    Runtime      # DAGs    # Errors  Last Runtime    Last Run
------------------------------------  -----  ---------  --------  ----------  --------------  -------------------
/opt/airflow/dags/weather_etl_dag.py                           1           0  0.44s           2026-06-06T11:00:53
================================================================================
[2026-06-06T11:01:23.377+0000] {manager.py:879} INFO - 
================================================================================
DAG File Processing Stats

File Path                               PID  Runtime      # DAGs    # Errors  Last Runtime    Last Run
------------------------------------  -----  ---------  --------  ----------  --------------  -------------------
/opt/airflow/dags/weather_etl_dag.py    268  0.01s             1           0  0.44s           2026-06-06T11:00:53
================================================================================
[2026-06-06T11:01:53.557+0000] {manager.py:879} INFO - 
================================================================================
DAG File Processing Stats

File Path                             PID    Runtime      # DAGs    # Errors  Last Runtime    Last Run
------------------------------------  -----  ---------  --------  ----------  --------------  -------------------
/opt/airflow/dags/weather_etl_dag.py                           1           0  0.44s           2026-06-06T11:01:23
================================================================================
[2026-06-06T11:02:23.623+0000] {manager.py:879} INFO - 
================================================================================
DAG File Processing Stats

File Path                             PID    Runtime      # DAGs    # Errors  Last Runtime    Last Run
------------------------------------  -----  ---------  --------  ----------  --------------  -------------------
/opt/airflow/dags/weather_etl_dag.py                           1           0  0.47s           2026-06-06T11:01:54
================================================================================
[2026-06-06T11:02:53.811+0000] {manager.py:879} INFO - 
================================================================================
DAG File Processing Stats

File Path                             PID    Runtime      # DAGs    # Errors  Last Runtime    Last Run
------------------------------------  -----  ---------  --------  ----------  --------------  -------------------
/opt/airflow/dags/weather_etl_dag.py                           1           0  0.45s           2026-06-06T11:02:25
================================================================================
